<?xml version="1.0" encoding="UTF-8"?>
<testsuite xmlns:xsi="http://www.w3.org/2001/XMLSchema-instance" xsi:noNamespaceSchemaLocation="https://maven.apache.org/surefire/maven-surefire-plugin/xsd/surefire-test-report.xsd" version="3.0.2" name="eu.inqudium.tabellarium.KafkaAppenderTest" time="0.021" tests="25" errors="0" skipped="0" failures="0" flakes="0">
  <properties>
[...]
</properties>
  <testcase name="should emit a status warning when a user value conflicts with a mandatory override" classname="eu.inqudium.tabellarium.KafkaAppenderTest$Mandatory override warnings" time="0.003"/>
  <testcase name="should not throw when both the hot path and the fallback fail" classname="eu.inqudium.tabellarium.KafkaAppenderTest$Hot path failure handling" time="0.001"/>
  <testcase name="should log only the first hot path error to prevent log storms" classname="eu.inqudium.tabellarium.KafkaAppenderTest$Hot path failure handling" time="0.001"/>
  <testcase name="should route to the fallback appender when the encoder throws" classname="eu.inqudium.tabellarium.KafkaAppenderTest$Hot path failure handling" time="0.001"/>
  <testcase name="should not run any append logic when the appender is not started" classname="eu.inqudium.tabellarium.KafkaAppenderTest$Hot path" time="0.001"/>
  <testcase name="should not invoke the fallback when the send succeeds" classname="eu.inqudium.tabellarium.KafkaAppenderTest$Hot path" time="0.0"/>
  <testcase name="should encode and send the event when appended" classname="eu.inqudium.tabellarium.KafkaAppenderTest$Hot path" time="0.001"/>
  <testcase name="should stop the attached fallback appender when stopping the KafkaAppender" classname="eu.inqudium.tabellarium.KafkaAppenderTest$Shutdown" time="0.0"/>
  <testcase name="should stop the encoder when stopping" classname="eu.inqudium.tabellarium.KafkaAppenderTest$Shutdown" time="0.001"/>
  <testcase name="should close all producers when stopping" classname="eu.inqudium.tabellarium.KafkaAppenderTest$Shutdown" time="0.0"/>
  <testcase name="should not throw when stopping an appender that never started" classname="eu.inqudium.tabellarium.KafkaAppenderTest$Shutdown" time="0.0"/>
  <testcase name="should refuse to start when cmdbId is blank" classname="eu.inqudium.tabellarium.KafkaAppenderTest$Configuration validation" time="0.0"/>
  <testcase name="should refuse to start when component is blank" classname="eu.inqudium.tabellarium.KafkaAppenderTest$Configuration validation" time="0.0"/>
  <testcase name="should refuse to start when default topic is blank" classname="eu.inqudium.tabellarium.KafkaAppenderTest$Configuration validation" time="0.001"/>
  <testcase name="should refuse to start when environment is blank" classname="eu.inqudium.tabellarium.KafkaAppenderTest$Configuration validation" time="0.0"/>
  <testcase name="should refuse to start when no encoder is configured" classname="eu.inqudium.tabellarium.KafkaAppenderTest$Configuration validation" time="0.001"/>
  <testcase name="should warn and ignore subsequent appenders when more than one is attached" classname="eu.inqudium.tabellarium.KafkaAppenderTest$Appender-ref handling" time="0.001"/>
  <testcase name="should detach the appender and free the slot when detachAppender is called" classname="eu.inqudium.tabellarium.KafkaAppenderTest$Appender-ref handling" time="0.0"/>
  <testcase name="should report the attached appender via iteratorForAppenders and getAppender" classname="eu.inqudium.tabellarium.KafkaAppenderTest$Appender-ref handling" time="0.002"/>
  <testcase name="should accept the first appender added via addAppender as the fallback" classname="eu.inqudium.tabellarium.KafkaAppenderTest$Appender-ref handling" time="0.001"/>
  <testcase name="should start the encoder when starting the appender" classname="eu.inqudium.tabellarium.KafkaAppenderTest$Pipeline construction" time="0.0"/>
  <testcase name="should mark the appender as started after a successful start" classname="eu.inqudium.tabellarium.KafkaAppenderTest$Pipeline construction" time="0.0"/>
  <testcase name="should instantiate one producer for the active topic class" classname="eu.inqudium.tabellarium.KafkaAppenderTest$Pipeline construction" time="0.0"/>
  <testcase name="should not emit the migration note when debug is disabled" classname="eu.inqudium.tabellarium.KafkaAppenderTest$Debug diagnostics" time="0.0"/>
  <testcase name="should emit the migration note when debug is enabled" classname="eu.inqudium.tabellarium.KafkaAppenderTest$Debug diagnostics" time="0.001"/>
</testsuite>