<?xml version="1.0" encoding="UTF-8"?>
<testsuite xmlns:xsi="http://www.w3.org/2001/XMLSchema-instance" xsi:noNamespaceSchemaLocation="https://maven.apache.org/surefire/maven-surefire-plugin/xsd/surefire-test-report.xsd" version="3.0.2" name="eu.inqudium.tabellarium.KafkaProducerPropertiesParserTest" time="0.008" tests="14" errors="0" skipped="0" failures="0" flakes="0">
  <properties>
[...]
</properties>
  <testcase name="should parse multiple properties on consecutive lines" classname="eu.inqudium.tabellarium.KafkaProducerPropertiesParserTest$Basic parsing" time="0.0"/>
  <testcase name="should parse the real-world example from production XML" classname="eu.inqudium.tabellarium.KafkaProducerPropertiesParserTest$Basic parsing" time="0.001"/>
  <testcase name="should parse a single property" classname="eu.inqudium.tabellarium.KafkaProducerPropertiesParserTest$Basic parsing" time="0.0"/>
  <testcase name="should accept an empty value" classname="eu.inqudium.tabellarium.KafkaProducerPropertiesParserTest$Edge cases" time="0.001"/>
  <testcase name="should return an empty map for whitespace-only input" classname="eu.inqudium.tabellarium.KafkaProducerPropertiesParserTest$Edge cases" time="0.0"/>
  <testcase name="should preserve equals signs inside values" classname="eu.inqudium.tabellarium.KafkaProducerPropertiesParserTest$Edge cases" time="0.001"/>
  <testcase name="should reject a line with a malformed Unicode escape" classname="eu.inqudium.tabellarium.KafkaProducerPropertiesParserTest$Error cases" time="0.001"/>
  <testcase name="should trim whitespace around keys and values" classname="eu.inqudium.tabellarium.KafkaProducerPropertiesParserTest$Whitespace and formatting" time="0.0"/>
  <testcase name="should ignore blank lines" classname="eu.inqudium.tabellarium.KafkaProducerPropertiesParserTest$Whitespace and formatting" time="0.0"/>
  <testcase name="should ignore lines starting with hash as comments" classname="eu.inqudium.tabellarium.KafkaProducerPropertiesParserTest$Whitespace and formatting" time="0.0"/>
  <testcase name="should accept colon as a key-value separator" classname="eu.inqudium.tabellarium.KafkaProducerPropertiesParserTest$Multi-line and special separators" time="0.0"/>
  <testcase name="should join lines with a trailing backslash into a single property value" classname="eu.inqudium.tabellarium.KafkaProducerPropertiesParserTest$Multi-line and special separators" time="0.0"/>
  <testcase name="should accept space as a key-value separator" classname="eu.inqudium.tabellarium.KafkaProducerPropertiesParserTest$Multi-line and special separators" time="0.0"/>
  <testcase name="should ignore lines starting with exclamation mark as comments" classname="eu.inqudium.tabellarium.KafkaProducerPropertiesParserTest$Multi-line and special separators" time="0.0"/>
</testsuite>